Determining if the function clock_gettime exists in the rt failed with the following output:
Change Dir: /private/var/folders/2w/8njbbx2j6kg67t8j8gxybj2c0000gn/T/pip-install-qhsw_uwn/xgboost/xgboost/build/CMakeFiles/CMakeTmp

Run Build Command(s):/usr/bin/make cmTC_d62b8/fast && /Library/Developer/CommandLineTools/usr/bin/make  -f CMakeFiles/cmTC_d62b8.dir/build.make CMakeFiles/cmTC_d62b8.dir/build
Building C object CMakeFiles/cmTC_d62b8.dir/CheckFunctionExists.c.o
/Library/Developer/CommandLineTools/usr/bin/cc   -DCHECK_FUNCTION_EXISTS=clock_gettime   -o CMakeFiles/cmTC_d62b8.dir/CheckFunctionExists.c.o   -c "/Users/arthurmello/Library/Mobile Documents/com~apple~CloudDocs/Geral/Data/Outros/IBM AI Enterprise Workflow/project/env/lib/python3.6/site-packages/cmake/data/CMake.app/Contents/share/cmake-3.17/Modules/CheckFunctionExists.c"
Linking C executable cmTC_d62b8
"/Users/arthurmello/Library/Mobile Documents/com~apple~CloudDocs/Geral/Data/Outros/IBM AI Enterprise Workflow/project/env/lib/python3.6/site-packages/cmake/data/CMake.app/Contents/bin/cmake" -E cmake_link_script CMakeFiles/cmTC_d62b8.dir/link.txt --verbose=1
/Library/Developer/CommandLineTools/usr/bin/cc  -DCHECK_FUNCTION_EXISTS=clock_gettime -Wl,-search_paths_first -Wl,-headerpad_max_install_names   CMakeFiles/cmTC_d62b8.dir/CheckFunctionExists.c.o  -o cmTC_d62b8   -L/private/var/folders/2w/8njbbx2j6kg67t8j8gxybj2c0000gn/T/pip-install-qhsw_uwn/xgboost/xgboost/build/CMakeFiles/CMakeTmp/time.h  -Wl,-rpath,/private/var/folders/2w/8njbbx2j6kg67t8j8gxybj2c0000gn/T/pip-install-qhsw_uwn/xgboost/xgboost/build/CMakeFiles/CMakeTmp/time.h -lrt 
ld: warning: directory not found for option '-L/private/var/folders/2w/8njbbx2j6kg67t8j8gxybj2c0000gn/T/pip-install-qhsw_uwn/xgboost/xgboost/build/CMakeFiles/CMakeTmp/time.h'
ld: library not found for -lrt
clang: error: linker command failed with exit code 1 (use -v to see invocation)
make[1]: *** [cmTC_d62b8] Error 1
make: *** [cmTC_d62b8/fast] Error 2



Determining if the fopen64 exist failed with the following output:
Change Dir: /private/var/folders/2w/8njbbx2j6kg67t8j8gxybj2c0000gn/T/pip-install-qhsw_uwn/xgboost/xgboost/build/CMakeFiles/CMakeTmp

Run Build Command(s):/usr/bin/make cmTC_81f44/fast && /Library/Developer/CommandLineTools/usr/bin/make  -f CMakeFiles/cmTC_81f44.dir/build.make CMakeFiles/cmTC_81f44.dir/build
Building C object CMakeFiles/cmTC_81f44.dir/CheckSymbolExists.c.o
/Library/Developer/CommandLineTools/usr/bin/cc    -o CMakeFiles/cmTC_81f44.dir/CheckSymbolExists.c.o   -c /private/var/folders/2w/8njbbx2j6kg67t8j8gxybj2c0000gn/T/pip-install-qhsw_uwn/xgboost/xgboost/build/CMakeFiles/CMakeTmp/CheckSymbolExists.c
/private/var/folders/2w/8njbbx2j6kg67t8j8gxybj2c0000gn/T/pip-install-qhsw_uwn/xgboost/xgboost/build/CMakeFiles/CMakeTmp/CheckSymbolExists.c:8:19: error: use of undeclared identifier 'fopen64'; did you mean 'fopen'?
  return ((int*)(&fopen64))[argc];
                  ^~~~~~~
                  fopen
/usr/include/stdio.h:153:7: note: 'fopen' declared here
FILE    *fopen(const char * __restrict __filename, const char * __restrict __mode) __DARWIN_ALIAS_STARTING(__MAC_10_6, __IPHONE_2_0, __DARWIN_ALIAS(fopen));
         ^
1 error generated.
make[1]: *** [CMakeFiles/cmTC_81f44.dir/CheckSymbolExists.c.o] Error 1
make: *** [cmTC_81f44/fast] Error 2


File /private/var/folders/2w/8njbbx2j6kg67t8j8gxybj2c0000gn/T/pip-install-qhsw_uwn/xgboost/xgboost/build/CMakeFiles/CMakeTmp/CheckSymbolExists.c:
/* */
#include <stdio.h>

int main(int argc, char** argv)
{
  (void)argv;
#ifndef fopen64
  return ((int*)(&fopen64))[argc];
#else
  (void)argc;
  return 0;
#endif
}
